./benchmarks/file_open/datasets/generator.vit
./benchmarks/file_open/main.vit
./benchmarks/file_open/metrics/cpu_stats.vit
./benchmarks/file_open/metrics/io_stats.vit
./benchmarks/file_open/metrics/memory.vit
./benchmarks/file_open/metrics/report.vit
./benchmarks/file_open/metrics/timer.vit
./benchmarks/file_open/modes/full_parse_mode.vit
./benchmarks/file_open/modes/incremental_mode.vit
./benchmarks/file_open/modes/lazy_mode.vit
./benchmarks/file_open/modes/mmap_mode.vit
./benchmarks/file_open/modes/read_mode.vit
./benchmarks/file_open/profiles/cold_start.vit
./benchmarks/file_open/profiles/warm_cache.vit
./benchmarks/file_open/profiles/with_highlight.vit
./benchmarks/file_open/profiles/with_lsp.vit
./benchmarks/file_open/profiles/without_highlight.vit
./benchmarks/file_open/runners/compare_runner.vit
./benchmarks/file_open/runners/multi_thread.vit
./benchmarks/file_open/runners/single_thread.vit
./benchmarks/file_open/runners/stress_runner.vit
./benchmarks/file_open/scenarios/huge_flat_text.vit
./benchmarks/file_open/scenarios/large_code.vit
./benchmarks/file_open/scenarios/medium_code.vit
./benchmarks/file_open/scenarios/pathological_case.vit
./benchmarks/file_open/scenarios/small_text.vit
./benchmarks/highlight/datasets/large_vitte.vit
./benchmarks/highlight/main.vit
./benchmarks/highlight/metrics/memory.vit
./benchmarks/highlight/metrics/report.vit
./benchmarks/highlight/metrics/timer.vit
./benchmarks/highlight/modes/full_reparse.vit
./benchmarks/highlight/modes/incremental.vit
./benchmarks/highlight/modes/multi_thread.vit
./benchmarks/highlight/profiles/with_lsp.vit
./benchmarks/highlight/profiles/without_lsp.vit
./benchmarks/highlight/runners/compare_runner.vit
./benchmarks/highlight/runners/multi_thread.vit
./benchmarks/highlight/runners/single_thread.vit
./benchmarks/muti_thread/main.vit
./benchmarks/muti_thread/metrics/cpu.vit
./benchmarks/muti_thread/metrics/memory.vit
./benchmarks/muti_thread/metrics/report.vit
./benchmarks/muti_thread/metrics/thread_stats.vit
./benchmarks/muti_thread/metrics/timer.vit
./benchmarks/muti_thread/profiles/cpu_bound.vit
./benchmarks/muti_thread/profiles/high_cpu.vit
./benchmarks/muti_thread/profiles/io_bound.vit
./benchmarks/muti_thread/profiles/low_cpu.vit
./benchmarks/muti_thread/runners/contention_test.vit
./benchmarks/muti_thread/runners/fixed_pool.vit
./benchmarks/muti_thread/runners/master_runner.vit
./benchmarks/muti_thread/runners/scaling_pool.vit
./benchmarks/muti_thread/runners/single_thread.vit
./benchmarks/muti_thread/runtime/thread_pool.vit
./benchmarks/muti_thread/stress/scenario_1.vit
./benchmarks/muti_thread/stress/scenario_10.vit
./benchmarks/muti_thread/stress/scenario_2.vit
./benchmarks/muti_thread/stress/scenario_3.vit
./benchmarks/muti_thread/stress/scenario_4.vit
./benchmarks/muti_thread/stress/scenario_5.vit
./benchmarks/muti_thread/stress/scenario_6.vit
./benchmarks/muti_thread/stress/scenario_7.vit
./benchmarks/muti_thread/stress/scenario_8.vit
./benchmarks/muti_thread/stress/scenario_9.vit
./benchmarks/muti_thread/workloads/highlight_workload.vit
./benchmarks/muti_thread/workloads/index_workload.vit
./benchmarks/muti_thread/workloads/parse_workload.vit
./benchmarks/muti_thread/workloads/search_workload.vit
./benchmarks/scroll/datasets/generator.vit
./benchmarks/scroll/engine/line_scroll.vit
./benchmarks/scroll/engine/page_scroll.vit
./benchmarks/scroll/engine/smooth_scroll.vit
./benchmarks/scroll/engine/virtual_scroll.vit
./benchmarks/scroll/main.vit
./benchmarks/scroll/metrics/cpu.vit
./benchmarks/scroll/metrics/fps.vit
./benchmarks/scroll/metrics/memory.vit
./benchmarks/scroll/metrics/report.vit
./benchmarks/scroll/metrics/timer.vit
./benchmarks/scroll/profiles/cold_start.vit
./benchmarks/scroll/profiles/heavy_highlight.vit
./benchmarks/scroll/profiles/large_file.vit
./benchmarks/scroll/profiles/warm_cache.vit
./benchmarks/scroll/runners/gpu_simulation.vit
./benchmarks/scroll/runners/master_runner.vit
./benchmarks/scroll/runners/multi_thread.vit
./benchmarks/scroll/runners/single_thread.vit
./benchmarks/scroll/stress/scroll_stress_1.vit
./benchmarks/scroll/stress/scroll_stress_10.vit
./benchmarks/scroll/stress/scroll_stress_11.vit
./benchmarks/scroll/stress/scroll_stress_12.vit
./benchmarks/scroll/stress/scroll_stress_13.vit
./benchmarks/scroll/stress/scroll_stress_14.vit
./benchmarks/scroll/stress/scroll_stress_15.vit
./benchmarks/scroll/stress/scroll_stress_2.vit
./benchmarks/scroll/stress/scroll_stress_3.vit
./benchmarks/scroll/stress/scroll_stress_4.vit
./benchmarks/scroll/stress/scroll_stress_5.vit
./benchmarks/scroll/stress/scroll_stress_6.vit
./benchmarks/scroll/stress/scroll_stress_7.vit
./benchmarks/scroll/stress/scroll_stress_8.vit
./benchmarks/scroll/stress/scroll_stress_9.vit
./benchmarks/search/datasets/generator.vit
./benchmarks/search/engine/boyer_moore.vit
./benchmarks/search/engine/fuzzy_search.vit
./benchmarks/search/engine/linear_scan.vit
./benchmarks/search/engine/regex_engine.vit
./benchmarks/search/engine/simd_scan.vit
./benchmarks/search/main.vit
./benchmarks/search/metrics/cache.vit
./benchmarks/search/metrics/cpu.vit
./benchmarks/search/metrics/memory.vit
./benchmarks/search/metrics/report.vit
./benchmarks/search/metrics/timer.vit
./benchmarks/search/profiles/cold_cache.vit
./benchmarks/search/profiles/fuzzy_heavy.vit
./benchmarks/search/profiles/heavy_regex.vit
./benchmarks/search/profiles/warm_cache.vit
./benchmarks/search/runners/master_runner.vit
./benchmarks/search/runners/multi_thread.vit
./benchmarks/search/runners/scaling_threads.vit
./benchmarks/search/runners/single_thread.vit
./benchmarks/search/stress/search_stress_1.vit
./benchmarks/search/stress/search_stress_10.vit
./benchmarks/search/stress/search_stress_11.vit
./benchmarks/search/stress/search_stress_12.vit
./benchmarks/search/stress/search_stress_13.vit
./benchmarks/search/stress/search_stress_14.vit
./benchmarks/search/stress/search_stress_15.vit
./benchmarks/search/stress/search_stress_2.vit
./benchmarks/search/stress/search_stress_3.vit
./benchmarks/search/stress/search_stress_4.vit
./benchmarks/search/stress/search_stress_5.vit
./benchmarks/search/stress/search_stress_6.vit
./benchmarks/search/stress/search_stress_7.vit
./benchmarks/search/stress/search_stress_8.vit
./benchmarks/search/stress/search_stress_9.vit
./benchmarks/startup/main.vit
./benchmarks/startup/metrics/cpu.vit
./benchmarks/startup/metrics/io.vit
./benchmarks/startup/metrics/memory.vit
./benchmarks/startup/metrics/report.vit
./benchmarks/startup/metrics/timer.vit
./benchmarks/startup/modes/dev_profile.vit
./benchmarks/startup/modes/full_stack.vit
./benchmarks/startup/modes/minimal.vit
./benchmarks/startup/modes/standard.vit
./benchmarks/startup/phases/first_render.vit
./benchmarks/startup/phases/init_lsp.vit
./benchmarks/startup/phases/init_plugins.vit
./benchmarks/startup/phases/init_runtime.vit
./benchmarks/startup/phases/load_config.vit
./benchmarks/startup/runners/cold_start.vit
./benchmarks/startup/runners/master_runner.vit
./benchmarks/startup/runners/restart_cycle.vit
./benchmarks/startup/runners/warm_start.vit
./benchmarks/startup/stress/startup_stress_1.vit
./benchmarks/startup/stress/startup_stress_10.vit
./benchmarks/startup/stress/startup_stress_2.vit
./benchmarks/startup/stress/startup_stress_3.vit
./benchmarks/startup/stress/startup_stress_4.vit
./benchmarks/startup/stress/startup_stress_5.vit
./benchmarks/startup/stress/startup_stress_6.vit
./benchmarks/startup/stress/startup_stress_7.vit
./benchmarks/startup/stress/startup_stress_8.vit
./benchmarks/startup/stress/startup_stress_9.vit
./benchmarks/stress/domains/arena_fragmentation.vit
./benchmarks/stress/domains/buffer_mutation.vit
./benchmarks/stress/domains/concurrent_edit.vit
./benchmarks/stress/domains/file_watch_storm.vit
./benchmarks/stress/domains/highlight_thrash.vit
./benchmarks/stress/domains/index_rebuild_loop.vit
./benchmarks/stress/domains/lsp_storm.vit
./benchmarks/stress/domains/massive_undo.vit
./benchmarks/stress/domains/memory_pressure.vit
./benchmarks/stress/domains/multi_buffer_switch.vit
./benchmarks/stress/domains/plugin_spam.vit
./benchmarks/stress/domains/regex_backtracking.vit
./benchmarks/stress/domains/render_flood.vit
./benchmarks/stress/domains/scroll_extreme.vit
./benchmarks/stress/domains/search_burst.vit
./benchmarks/stress/domains/session_restore_heavy.vit
./benchmarks/stress/domains/snapshot_overflow.vit
./benchmarks/stress/domains/startup_loop.vit
./benchmarks/stress/domains/syntax_pathological.vit
./benchmarks/stress/domains/thread_contention.vit
./benchmarks/stress/main.vit
./benchmarks/stress/metrics/cpu.vit
./benchmarks/stress/metrics/gc.vit
./benchmarks/stress/metrics/io.vit
./benchmarks/stress/metrics/memory.vit
./benchmarks/stress/metrics/report.vit
./benchmarks/stress/metrics/thread.vit
./benchmarks/stress/metrics/timer.vit
./benchmarks/stress/profiles/cold_cache.vit
./benchmarks/stress/profiles/cpu_bound.vit
./benchmarks/stress/profiles/high_cpu.vit
./benchmarks/stress/profiles/high_memory.vit
./benchmarks/stress/profiles/io_bound.vit
./benchmarks/stress/profiles/low_cpu.vit
./benchmarks/stress/profiles/low_memory.vit
./benchmarks/stress/profiles/lsp_heavy.vit
./benchmarks/stress/profiles/plugin_heavy.vit
./benchmarks/stress/profiles/warm_cache.vit
./benchmarks/stress/runners/endurance.vit
./benchmarks/stress/runners/extreme_parallel.vit
./benchmarks/stress/runners/master_runner.vit
./benchmarks/stress/runners/multi_thread.vit
./benchmarks/stress/runners/single_thread.vit
./benchmarks/stress/scenarios/stress_case_1.vit
./benchmarks/stress/scenarios/stress_case_10.vit
./benchmarks/stress/scenarios/stress_case_11.vit
./benchmarks/stress/scenarios/stress_case_12.vit
./benchmarks/stress/scenarios/stress_case_13.vit
./benchmarks/stress/scenarios/stress_case_14.vit
./benchmarks/stress/scenarios/stress_case_15.vit
./benchmarks/stress/scenarios/stress_case_16.vit
./benchmarks/stress/scenarios/stress_case_17.vit
./benchmarks/stress/scenarios/stress_case_18.vit
./benchmarks/stress/scenarios/stress_case_19.vit
./benchmarks/stress/scenarios/stress_case_2.vit
./benchmarks/stress/scenarios/stress_case_20.vit
./benchmarks/stress/scenarios/stress_case_21.vit
./benchmarks/stress/scenarios/stress_case_22.vit
./benchmarks/stress/scenarios/stress_case_23.vit
./benchmarks/stress/scenarios/stress_case_24.vit
./benchmarks/stress/scenarios/stress_case_25.vit
./benchmarks/stress/scenarios/stress_case_26.vit
./benchmarks/stress/scenarios/stress_case_27.vit
./benchmarks/stress/scenarios/stress_case_28.vit
./benchmarks/stress/scenarios/stress_case_29.vit
./benchmarks/stress/scenarios/stress_case_3.vit
./benchmarks/stress/scenarios/stress_case_30.vit
./benchmarks/stress/scenarios/stress_case_31.vit
./benchmarks/stress/scenarios/stress_case_32.vit
./benchmarks/stress/scenarios/stress_case_33.vit
./benchmarks/stress/scenarios/stress_case_34.vit
./benchmarks/stress/scenarios/stress_case_35.vit
./benchmarks/stress/scenarios/stress_case_36.vit
./benchmarks/stress/scenarios/stress_case_37.vit
./benchmarks/stress/scenarios/stress_case_38.vit
./benchmarks/stress/scenarios/stress_case_39.vit
./benchmarks/stress/scenarios/stress_case_4.vit
./benchmarks/stress/scenarios/stress_case_40.vit
./benchmarks/stress/scenarios/stress_case_41.vit
./benchmarks/stress/scenarios/stress_case_42.vit
./benchmarks/stress/scenarios/stress_case_43.vit
./benchmarks/stress/scenarios/stress_case_44.vit
./benchmarks/stress/scenarios/stress_case_45.vit
./benchmarks/stress/scenarios/stress_case_46.vit
./benchmarks/stress/scenarios/stress_case_47.vit
./benchmarks/stress/scenarios/stress_case_48.vit
./benchmarks/stress/scenarios/stress_case_49.vit
./benchmarks/stress/scenarios/stress_case_5.vit
./benchmarks/stress/scenarios/stress_case_50.vit
./benchmarks/stress/scenarios/stress_case_6.vit
./benchmarks/stress/scenarios/stress_case_7.vit
./benchmarks/stress/scenarios/stress_case_8.vit
./benchmarks/stress/scenarios/stress_case_9.vit
./ci/benchmarks/categories/file_open.vit
./ci/benchmarks/categories/highlight.vit
./ci/benchmarks/categories/indexing.vit
./ci/benchmarks/categories/lsp.vit
./ci/benchmarks/categories/memory.vit
./ci/benchmarks/categories/multi_thread.vit
./ci/benchmarks/categories/plugin.vit
./ci/benchmarks/categories/scroll.vit
./ci/benchmarks/categories/search.vit
./ci/benchmarks/categories/startup.vit
./ci/benchmarks/categories/stress.vit
./ci/benchmarks/ci_main.vit
./ci/benchmarks/metrics/allocations.vit
./ci/benchmarks/metrics/cpu.vit
./ci/benchmarks/metrics/io.vit
./ci/benchmarks/metrics/memory.vit
./ci/benchmarks/metrics/rss.vit
./ci/benchmarks/metrics/timer.vit
./ci/benchmarks/regression/comparator.vit
./ci/benchmarks/regression/history_store.vit
./ci/benchmarks/regression/thresholds.vit
./ci/benchmarks/report/csv_export.vit
./ci/benchmarks/report/html_export.vit
./ci/benchmarks/report/json_export.vit
./ci/benchmarks/report/summary.vit
./ci/benchmarks/runners/linux_runner.vit
./ci/benchmarks/runners/macos_runner.vit
./ci/benchmarks/runners/master_runner.vit
./ci/benchmarks/runners/windows_runner.vit
./ci/github/performance/regression_check.vit
./ci/packaging/release/versioning.vit
./ci/pipelines/orchestrator/master_pipeline.vit
./editor/config/colors/bench/contrast_bench.vit
./editor/config/colors/bench/render_bench.vit
./editor/config/colors/engine/rgb.vit
./editor/config/colors/engine/semantic_tokens.vit
./editor/config/colors/engine/theme_loader.vit
./editor/config/colors/engine/wcag_validator.vit
./editor/config/colors/importers/vscode_converter.vit
./editor/config/colors/plugin/api.vit
./editor/config/colors/runtime/snapshot.vit
./editor/config/colors/runtime/system_detect.vit
./editor/config/colors/runtime/theme_switcher.vit
./editor/config/colors/tests/import_tests.vit
./editor/config/colors/tests/runtime_tests.vit
./editor/config/colors/tests/wcag_tests.vit
./editor/config/keybindings/advanced/chords.vit
./editor/config/keybindings/advanced/macros.vit
./editor/config/keybindings/engine/conflict_detector.vit
./editor/config/keybindings/engine/context.vit
./editor/config/keybindings/engine/keymap.vit
./editor/config/keybindings/plugin/api.vit
./editor/config/keybindings/runtime/switch_profile.vit
./editor/config/keybindings/tests/chord_tests.vit
./editor/config/keybindings/tests/conflict_tests.vit
./editor/config/keybindings/tests/mode_tests.vit
./editor/config/settings/cli/override.vit
./editor/config/settings/cloud/sync.vit
./editor/config/settings/engine/layered_store.vit
./editor/config/settings/engine/live_reload.vit
./editor/config/settings/engine/resolver.vit
./editor/config/settings/engine/schema.vit
./editor/config/settings/export/json_export.vit
./editor/config/settings/export/yaml_export.vit
./editor/config/settings/import/json_import.vit
./editor/config/settings/migration/versioning.vit
./editor/config/settings/security/vault.vit
./editor/config/settings/telemetry/telemetry.vit
./editor/config/settings/tests/cloud_sync_tests.vit
./editor/config/settings/tests/migration_tests.vit
./editor/config/settings/tests/rollback_tests.vit
./editor/config/settings/tests/security_tests.vit
./editor/config/settings/transaction/rollback.vit
./editor/config/settings/ui/backend.vit
./editor/config/theme/bench/render_bench.vit
./editor/config/theme/bench/theme_switch_bench.vit
./editor/config/theme/engine/runtime_switch.vit
./editor/config/theme/engine/semantic_mapper.vit
./editor/config/theme/engine/theme_core.vit
./editor/config/theme/engine/vscode_importer.vit
./editor/config/theme/engine/wcag_checker.vit
./editor/config/theme/plugin/api.vit
./editor/config/theme/runtime/live_preview.vit
./editor/config/theme/runtime/snapshot.vit
./editor/config/theme/tests/contrast_tests.vit
./editor/config/theme/tests/theme_tests.vit
./editor/core/buffer/bench/buffer_delete_bench.vit
./editor/core/buffer/bench/buffer_insert_bench.vit
./editor/core/buffer/bench/huge_file_bench.vit
./editor/core/buffer/buffer.vit
./editor/core/buffer/concurrency/atomic_ops.vit
./editor/core/buffer/concurrency/read_lock.vit
./editor/core/buffer/concurrency/write_lock.vit
./editor/core/buffer/cursor.vit
./editor/core/buffer/dirty/dirty_range.vit
./editor/core/buffer/dirty/invalidation_map.vit
./editor/core/buffer/gap/gap_buffer.vit
./editor/core/buffer/gap/operations.vit
./editor/core/buffer/huge/chunk_manager.vit
./editor/core/buffer/huge/lazy_loader.vit
./editor/core/buffer/huge/mmap_loader.vit
./editor/core/buffer/index/index_hooks.vit
./editor/core/buffer/memory/arena.vit
./editor/core/buffer/memory/fragmentation_monitor.vit
./editor/core/buffer/memory/pool.vit
./editor/core/buffer/memory/slab.vit
./editor/core/buffer/multi/buffer_pool.vit
./editor/core/buffer/multi/buffer_registry.vit
./editor/core/buffer/piece_table/history.vit
./editor/core/buffer/piece_table/piece.vit
./editor/core/buffer/piece_table/snapshot.vit
./editor/core/buffer/piece_table/table.vit
./editor/core/buffer/range.vit
./editor/core/buffer/rope/rope_balance.vit
./editor/core/buffer/rope/rope_builder.vit
./editor/core/buffer/rope/rope_merge.vit
./editor/core/buffer/rope/rope_node.vit
./editor/core/buffer/rope/rope_split.vit
./editor/core/buffer/tests/buffer_test_1.vit
./editor/core/buffer/tests/buffer_test_10.vit
./editor/core/buffer/tests/buffer_test_11.vit
./editor/core/buffer/tests/buffer_test_12.vit
./editor/core/buffer/tests/buffer_test_13.vit
./editor/core/buffer/tests/buffer_test_14.vit
./editor/core/buffer/tests/buffer_test_15.vit
./editor/core/buffer/tests/buffer_test_16.vit
./editor/core/buffer/tests/buffer_test_17.vit
./editor/core/buffer/tests/buffer_test_18.vit
./editor/core/buffer/tests/buffer_test_19.vit
./editor/core/buffer/tests/buffer_test_2.vit
./editor/core/buffer/tests/buffer_test_20.vit
./editor/core/buffer/tests/buffer_test_21.vit
./editor/core/buffer/tests/buffer_test_22.vit
./editor/core/buffer/tests/buffer_test_23.vit
./editor/core/buffer/tests/buffer_test_24.vit
./editor/core/buffer/tests/buffer_test_25.vit
./editor/core/buffer/tests/buffer_test_26.vit
./editor/core/buffer/tests/buffer_test_27.vit
./editor/core/buffer/tests/buffer_test_28.vit
./editor/core/buffer/tests/buffer_test_29.vit
./editor/core/buffer/tests/buffer_test_3.vit
./editor/core/buffer/tests/buffer_test_30.vit
./editor/core/buffer/tests/buffer_test_31.vit
./editor/core/buffer/tests/buffer_test_32.vit
./editor/core/buffer/tests/buffer_test_33.vit
./editor/core/buffer/tests/buffer_test_34.vit
./editor/core/buffer/tests/buffer_test_35.vit
./editor/core/buffer/tests/buffer_test_36.vit
./editor/core/buffer/tests/buffer_test_37.vit
./editor/core/buffer/tests/buffer_test_38.vit
./editor/core/buffer/tests/buffer_test_39.vit
./editor/core/buffer/tests/buffer_test_4.vit
./editor/core/buffer/tests/buffer_test_40.vit
./editor/core/buffer/tests/buffer_test_41.vit
./editor/core/buffer/tests/buffer_test_42.vit
./editor/core/buffer/tests/buffer_test_43.vit
./editor/core/buffer/tests/buffer_test_44.vit
./editor/core/buffer/tests/buffer_test_45.vit
./editor/core/buffer/tests/buffer_test_46.vit
./editor/core/buffer/tests/buffer_test_47.vit
./editor/core/buffer/tests/buffer_test_48.vit
./editor/core/buffer/tests/buffer_test_49.vit
./editor/core/buffer/tests/buffer_test_5.vit
./editor/core/buffer/tests/buffer_test_50.vit
./editor/core/buffer/tests/buffer_test_6.vit
./editor/core/buffer/tests/buffer_test_7.vit
./editor/core/buffer/tests/buffer_test_8.vit
./editor/core/buffer/tests/buffer_test_9.vit
./editor/core/buffer/transaction/journal.vit
./editor/core/buffer/transaction/transaction.vit
./editor/core/cursor/bench/move_bench.vit
./editor/core/cursor/bench/multi_cursor_bench.vit
./editor/core/cursor/concurrency/atomic_position.vit
./editor/core/cursor/concurrency/state_lock.vit
./editor/core/cursor/cursor.vit
./editor/core/cursor/history/jump_stack.vit
./editor/core/cursor/history/marks.vit
./editor/core/cursor/multi/cursor_registry.vit
