./benchmarks/file_open/datasets/generator.vit
./benchmarks/file_open/main.vit
./benchmarks/file_open/metrics/cpu_stats.vit
./benchmarks/file_open/metrics/io_stats.vit
./benchmarks/file_open/metrics/memory.vit
./benchmarks/file_open/metrics/report.vit
./benchmarks/file_open/metrics/timer.vit
./benchmarks/file_open/modes/full_parse_mode.vit
./benchmarks/file_open/modes/incremental_mode.vit
./benchmarks/file_open/modes/lazy_mode.vit
./benchmarks/file_open/modes/mmap_mode.vit
./benchmarks/file_open/modes/read_mode.vit
./benchmarks/file_open/profiles/cold_start.vit
./benchmarks/file_open/profiles/warm_cache.vit
./benchmarks/file_open/profiles/with_highlight.vit
./benchmarks/file_open/profiles/with_lsp.vit
./benchmarks/file_open/profiles/without_highlight.vit
./benchmarks/file_open/runners/compare_runner.vit
./benchmarks/file_open/runners/multi_thread.vit
./benchmarks/file_open/runners/single_thread.vit
./benchmarks/file_open/runners/stress_runner.vit
./benchmarks/file_open/scenarios/huge_flat_text.vit
./benchmarks/file_open/scenarios/large_code.vit
./benchmarks/file_open/scenarios/medium_code.vit
./benchmarks/file_open/scenarios/pathological_case.vit
./benchmarks/file_open/scenarios/small_text.vit
./benchmarks/highlight/datasets/large_vitte.vit
./benchmarks/highlight/main.vit
./benchmarks/highlight/metrics/memory.vit
./benchmarks/highlight/metrics/report.vit
./benchmarks/highlight/metrics/timer.vit
./benchmarks/highlight/modes/full_reparse.vit
./benchmarks/highlight/modes/incremental.vit
./benchmarks/highlight/modes/multi_thread.vit
./benchmarks/highlight/profiles/with_lsp.vit
./benchmarks/highlight/profiles/without_lsp.vit
./benchmarks/highlight/runners/compare_runner.vit
./benchmarks/highlight/runners/multi_thread.vit
./benchmarks/highlight/runners/single_thread.vit
./benchmarks/muti_thread/main.vit
./benchmarks/muti_thread/metrics/cpu.vit
./benchmarks/muti_thread/metrics/memory.vit
./benchmarks/muti_thread/metrics/report.vit
./benchmarks/muti_thread/metrics/thread_stats.vit
./benchmarks/muti_thread/metrics/timer.vit
./benchmarks/muti_thread/profiles/cpu_bound.vit
./benchmarks/muti_thread/profiles/high_cpu.vit
./benchmarks/muti_thread/profiles/io_bound.vit
./benchmarks/muti_thread/profiles/low_cpu.vit
./benchmarks/muti_thread/runners/contention_test.vit
./benchmarks/muti_thread/runners/fixed_pool.vit
./benchmarks/muti_thread/runners/master_runner.vit
./benchmarks/muti_thread/runners/scaling_pool.vit
./benchmarks/muti_thread/runners/single_thread.vit
./benchmarks/muti_thread/runtime/thread_pool.vit
./benchmarks/muti_thread/stress/scenario_1.vit
./benchmarks/muti_thread/stress/scenario_10.vit
./benchmarks/muti_thread/stress/scenario_2.vit
./benchmarks/muti_thread/stress/scenario_3.vit
./benchmarks/muti_thread/stress/scenario_4.vit
./benchmarks/muti_thread/stress/scenario_5.vit
./benchmarks/muti_thread/stress/scenario_6.vit
./benchmarks/muti_thread/stress/scenario_7.vit
./benchmarks/muti_thread/stress/scenario_8.vit
./benchmarks/muti_thread/stress/scenario_9.vit
./benchmarks/muti_thread/workloads/highlight_workload.vit
./benchmarks/muti_thread/workloads/index_workload.vit
./benchmarks/muti_thread/workloads/parse_workload.vit
./benchmarks/muti_thread/workloads/search_workload.vit
./benchmarks/scroll/datasets/generator.vit
./benchmarks/scroll/engine/line_scroll.vit
./benchmarks/scroll/engine/page_scroll.vit
./benchmarks/scroll/engine/smooth_scroll.vit
./benchmarks/scroll/engine/virtual_scroll.vit
./benchmarks/scroll/main.vit
./benchmarks/scroll/metrics/cpu.vit
./benchmarks/scroll/metrics/fps.vit
./benchmarks/scroll/metrics/memory.vit
./benchmarks/scroll/metrics/report.vit
./benchmarks/scroll/metrics/timer.vit
./benchmarks/scroll/profiles/cold_start.vit
./benchmarks/scroll/profiles/heavy_highlight.vit
./benchmarks/scroll/profiles/large_file.vit
./benchmarks/scroll/profiles/warm_cache.vit
./benchmarks/scroll/runners/gpu_simulation.vit
./benchmarks/scroll/runners/master_runner.vit
./benchmarks/scroll/runners/multi_thread.vit
./benchmarks/scroll/runners/single_thread.vit
./benchmarks/scroll/stress/scroll_stress_1.vit
./benchmarks/scroll/stress/scroll_stress_10.vit
./benchmarks/scroll/stress/scroll_stress_11.vit
./benchmarks/scroll/stress/scroll_stress_12.vit
./benchmarks/scroll/stress/scroll_stress_13.vit
./benchmarks/scroll/stress/scroll_stress_14.vit
./benchmarks/scroll/stress/scroll_stress_15.vit
./benchmarks/scroll/stress/scroll_stress_2.vit
./benchmarks/scroll/stress/scroll_stress_3.vit
./benchmarks/scroll/stress/scroll_stress_4.vit
./benchmarks/scroll/stress/scroll_stress_5.vit
./benchmarks/scroll/stress/scroll_stress_6.vit
./benchmarks/scroll/stress/scroll_stress_7.vit
./benchmarks/scroll/stress/scroll_stress_8.vit
./benchmarks/scroll/stress/scroll_stress_9.vit
./benchmarks/search/datasets/generator.vit
./benchmarks/search/engine/boyer_moore.vit
./benchmarks/search/engine/fuzzy_search.vit
./benchmarks/search/engine/linear_scan.vit
./benchmarks/search/engine/regex_engine.vit
./benchmarks/search/engine/simd_scan.vit
./benchmarks/search/main.vit
./benchmarks/search/metrics/cache.vit
./benchmarks/search/metrics/cpu.vit
./benchmarks/search/metrics/memory.vit
./benchmarks/search/metrics/report.vit
./benchmarks/search/metrics/timer.vit
./benchmarks/search/profiles/cold_cache.vit
./benchmarks/search/profiles/fuzzy_heavy.vit
./benchmarks/search/profiles/heavy_regex.vit
./benchmarks/search/profiles/warm_cache.vit
./benchmarks/search/runners/master_runner.vit
./benchmarks/search/runners/multi_thread.vit
./benchmarks/search/runners/scaling_threads.vit
./benchmarks/search/runners/single_thread.vit
./benchmarks/search/stress/search_stress_1.vit
./benchmarks/search/stress/search_stress_10.vit
./benchmarks/search/stress/search_stress_11.vit
./benchmarks/search/stress/search_stress_12.vit
./benchmarks/search/stress/search_stress_13.vit
./benchmarks/search/stress/search_stress_14.vit
./benchmarks/search/stress/search_stress_15.vit
./benchmarks/search/stress/search_stress_2.vit
./benchmarks/search/stress/search_stress_3.vit
./benchmarks/search/stress/search_stress_4.vit
./benchmarks/search/stress/search_stress_5.vit
./benchmarks/search/stress/search_stress_6.vit
./benchmarks/search/stress/search_stress_7.vit
./benchmarks/search/stress/search_stress_8.vit
./benchmarks/search/stress/search_stress_9.vit
./benchmarks/startup/main.vit
./benchmarks/startup/metrics/cpu.vit
./benchmarks/startup/metrics/io.vit
./benchmarks/startup/metrics/memory.vit
./benchmarks/startup/metrics/report.vit
./benchmarks/startup/metrics/timer.vit
./benchmarks/startup/modes/dev_profile.vit
./benchmarks/startup/modes/full_stack.vit
./benchmarks/startup/modes/minimal.vit
./benchmarks/startup/modes/standard.vit
./benchmarks/startup/phases/first_render.vit
./benchmarks/startup/phases/init_lsp.vit
./benchmarks/startup/phases/init_plugins.vit
./benchmarks/startup/phases/init_runtime.vit
./benchmarks/startup/phases/load_config.vit
./benchmarks/startup/runners/cold_start.vit
./benchmarks/startup/runners/master_runner.vit
./benchmarks/startup/runners/restart_cycle.vit
./benchmarks/startup/runners/warm_start.vit
./benchmarks/startup/stress/startup_stress_1.vit
./benchmarks/startup/stress/startup_stress_10.vit
./benchmarks/startup/stress/startup_stress_2.vit
./benchmarks/startup/stress/startup_stress_3.vit
./benchmarks/startup/stress/startup_stress_4.vit
./benchmarks/startup/stress/startup_stress_5.vit
./benchmarks/startup/stress/startup_stress_6.vit
./benchmarks/startup/stress/startup_stress_7.vit
./benchmarks/startup/stress/startup_stress_8.vit
./benchmarks/startup/stress/startup_stress_9.vit
./benchmarks/stress/domains/arena_fragmentation.vit
./benchmarks/stress/domains/buffer_mutation.vit
./benchmarks/stress/domains/concurrent_edit.vit
./benchmarks/stress/domains/file_watch_storm.vit
./benchmarks/stress/domains/highlight_thrash.vit
./benchmarks/stress/domains/index_rebuild_loop.vit
./benchmarks/stress/domains/lsp_storm.vit
./benchmarks/stress/domains/massive_undo.vit
./benchmarks/stress/domains/memory_pressure.vit
./benchmarks/stress/domains/multi_buffer_switch.vit
./benchmarks/stress/domains/plugin_spam.vit
./benchmarks/stress/domains/regex_backtracking.vit
./benchmarks/stress/domains/render_flood.vit
./benchmarks/stress/domains/scroll_extreme.vit
./benchmarks/stress/domains/search_burst.vit
./benchmarks/stress/domains/session_restore_heavy.vit
./benchmarks/stress/domains/snapshot_overflow.vit
./benchmarks/stress/domains/startup_loop.vit
./benchmarks/stress/domains/syntax_pathological.vit
./benchmarks/stress/domains/thread_contention.vit
./benchmarks/stress/main.vit
./benchmarks/stress/metrics/cpu.vit
./benchmarks/stress/metrics/gc.vit
./benchmarks/stress/metrics/io.vit
./benchmarks/stress/metrics/memory.vit
./benchmarks/stress/metrics/report.vit
./benchmarks/stress/metrics/thread.vit
./benchmarks/stress/metrics/timer.vit
./benchmarks/stress/profiles/cold_cache.vit
./benchmarks/stress/profiles/cpu_bound.vit
./benchmarks/stress/profiles/high_cpu.vit
./benchmarks/stress/profiles/high_memory.vit
./benchmarks/stress/profiles/io_bound.vit
./benchmarks/stress/profiles/low_cpu.vit
./benchmarks/stress/profiles/low_memory.vit
./benchmarks/stress/profiles/lsp_heavy.vit
./benchmarks/stress/profiles/plugin_heavy.vit
./benchmarks/stress/profiles/warm_cache.vit
./benchmarks/stress/runners/endurance.vit
./benchmarks/stress/runners/extreme_parallel.vit
./benchmarks/stress/runners/master_runner.vit
./benchmarks/stress/runners/multi_thread.vit
./benchmarks/stress/runners/single_thread.vit
./benchmarks/stress/scenarios/stress_case_1.vit
./benchmarks/stress/scenarios/stress_case_10.vit
./benchmarks/stress/scenarios/stress_case_11.vit
./benchmarks/stress/scenarios/stress_case_12.vit
./benchmarks/stress/scenarios/stress_case_13.vit
./benchmarks/stress/scenarios/stress_case_14.vit
./benchmarks/stress/scenarios/stress_case_15.vit
./benchmarks/stress/scenarios/stress_case_16.vit
./benchmarks/stress/scenarios/stress_case_17.vit
./benchmarks/stress/scenarios/stress_case_18.vit
./benchmarks/stress/scenarios/stress_case_19.vit
./benchmarks/stress/scenarios/stress_case_2.vit
./benchmarks/stress/scenarios/stress_case_20.vit
./benchmarks/stress/scenarios/stress_case_21.vit
./benchmarks/stress/scenarios/stress_case_22.vit
./benchmarks/stress/scenarios/stress_case_23.vit
./benchmarks/stress/scenarios/stress_case_24.vit
./benchmarks/stress/scenarios/stress_case_25.vit
./benchmarks/stress/scenarios/stress_case_26.vit
./benchmarks/stress/scenarios/stress_case_27.vit
./benchmarks/stress/scenarios/stress_case_28.vit
./benchmarks/stress/scenarios/stress_case_29.vit
./benchmarks/stress/scenarios/stress_case_3.vit
./benchmarks/stress/scenarios/stress_case_30.vit
./benchmarks/stress/scenarios/stress_case_31.vit
./benchmarks/stress/scenarios/stress_case_32.vit
./benchmarks/stress/scenarios/stress_case_33.vit
./benchmarks/stress/scenarios/stress_case_34.vit
./benchmarks/stress/scenarios/stress_case_35.vit
./benchmarks/stress/scenarios/stress_case_36.vit
./benchmarks/stress/scenarios/stress_case_37.vit
./benchmarks/stress/scenarios/stress_case_38.vit
./benchmarks/stress/scenarios/stress_case_39.vit
./benchmarks/stress/scenarios/stress_case_4.vit
./benchmarks/stress/scenarios/stress_case_40.vit
./benchmarks/stress/scenarios/stress_case_41.vit
./benchmarks/stress/scenarios/stress_case_42.vit
./benchmarks/stress/scenarios/stress_case_43.vit
./benchmarks/stress/scenarios/stress_case_44.vit
./benchmarks/stress/scenarios/stress_case_45.vit
./benchmarks/stress/scenarios/stress_case_46.vit
./benchmarks/stress/scenarios/stress_case_47.vit
./benchmarks/stress/scenarios/stress_case_48.vit
./benchmarks/stress/scenarios/stress_case_49.vit
./benchmarks/stress/scenarios/stress_case_5.vit
./benchmarks/stress/scenarios/stress_case_50.vit
./benchmarks/stress/scenarios/stress_case_6.vit
./benchmarks/stress/scenarios/stress_case_7.vit
./benchmarks/stress/scenarios/stress_case_8.vit
./benchmarks/stress/scenarios/stress_case_9.vit
./ci/benchmarks/categories/file_open.vit
./ci/benchmarks/categories/highlight.vit
./ci/benchmarks/categories/indexing.vit
./ci/benchmarks/categories/lsp.vit
./ci/benchmarks/categories/memory.vit
./ci/benchmarks/categories/multi_thread.vit
./ci/benchmarks/categories/plugin.vit
./ci/benchmarks/categories/scroll.vit
./ci/benchmarks/categories/search.vit
./ci/benchmarks/categories/startup.vit
./ci/benchmarks/categories/stress.vit
./ci/benchmarks/ci_main.vit
./ci/benchmarks/metrics/allocations.vit
./ci/benchmarks/metrics/cpu.vit
./ci/benchmarks/metrics/io.vit
./ci/benchmarks/metrics/memory.vit
./ci/benchmarks/metrics/rss.vit
./ci/benchmarks/metrics/timer.vit
./ci/benchmarks/regression/comparator.vit
./ci/benchmarks/regression/history_store.vit
./ci/benchmarks/regression/thresholds.vit
./ci/benchmarks/report/csv_export.vit
./ci/benchmarks/report/html_export.vit
./ci/benchmarks/report/json_export.vit
./ci/benchmarks/report/summary.vit
./ci/benchmarks/runners/linux_runner.vit
./ci/benchmarks/runners/macos_runner.vit
./ci/benchmarks/runners/master_runner.vit
./ci/benchmarks/runners/windows_runner.vit
./ci/github/performance/regression_check.vit
./ci/packaging/release/versioning.vit
./ci/pipelines/orchestrator/master_pipeline.vit
./editor/config/colors/bench/contrast_bench.vit
./editor/config/colors/bench/render_bench.vit
./editor/config/colors/engine/rgb.vit
./editor/config/colors/engine/semantic_tokens.vit
./editor/config/colors/engine/theme_loader.vit
./editor/config/colors/engine/wcag_validator.vit
./editor/config/colors/importers/vscode_converter.vit
./editor/config/colors/plugin/api.vit
./editor/config/colors/runtime/snapshot.vit
./editor/config/colors/runtime/system_detect.vit
./editor/config/colors/runtime/theme_switcher.vit
./editor/config/colors/tests/import_tests.vit
./editor/config/colors/tests/runtime_tests.vit
./editor/config/colors/tests/wcag_tests.vit
./editor/config/keybindings/advanced/chords.vit
./editor/config/keybindings/advanced/macros.vit
./editor/config/keybindings/engine/conflict_detector.vit
./editor/config/keybindings/engine/context.vit
./editor/config/keybindings/engine/keymap.vit
./editor/config/keybindings/plugin/api.vit
./editor/config/keybindings/runtime/switch_profile.vit
./editor/config/keybindings/tests/chord_tests.vit
./editor/config/keybindings/tests/conflict_tests.vit
./editor/config/keybindings/tests/mode_tests.vit
./editor/config/settings/cli/override.vit
./editor/config/settings/cloud/sync.vit
./editor/config/settings/engine/layered_store.vit
./editor/config/settings/engine/live_reload.vit
./editor/config/settings/engine/resolver.vit
./editor/config/settings/engine/schema.vit
./editor/config/settings/export/json_export.vit
./editor/config/settings/export/yaml_export.vit
./editor/config/settings/import/json_import.vit
./editor/config/settings/migration/versioning.vit
./editor/config/settings/security/vault.vit
./editor/config/settings/telemetry/telemetry.vit
./editor/config/settings/tests/cloud_sync_tests.vit
./editor/config/settings/tests/migration_tests.vit
./editor/config/settings/tests/rollback_tests.vit
./editor/config/settings/tests/security_tests.vit
./editor/config/settings/transaction/rollback.vit
./editor/config/settings/ui/backend.vit
./editor/config/theme/bench/render_bench.vit
./editor/config/theme/bench/theme_switch_bench.vit
./editor/config/theme/engine/runtime_switch.vit
./editor/config/theme/engine/semantic_mapper.vit
./editor/config/theme/engine/theme_core.vit
./editor/config/theme/engine/vscode_importer.vit
./editor/config/theme/engine/wcag_checker.vit
./editor/config/theme/plugin/api.vit
./editor/config/theme/runtime/live_preview.vit
./editor/config/theme/runtime/snapshot.vit
./editor/config/theme/tests/contrast_tests.vit
./editor/config/theme/tests/theme_tests.vit
./editor/core/buffer/bench/buffer_delete_bench.vit
./editor/core/buffer/bench/buffer_insert_bench.vit
./editor/core/buffer/bench/huge_file_bench.vit
./editor/core/buffer/buffer.vit
./editor/core/buffer/concurrency/atomic_ops.vit
./editor/core/buffer/concurrency/read_lock.vit
./editor/core/buffer/concurrency/write_lock.vit
./editor/core/buffer/cursor.vit
./editor/core/buffer/dirty/dirty_range.vit
./editor/core/buffer/dirty/invalidation_map.vit
./editor/core/buffer/gap/gap_buffer.vit
./editor/core/buffer/gap/operations.vit
./editor/core/buffer/huge/chunk_manager.vit
./editor/core/buffer/huge/lazy_loader.vit
./editor/core/buffer/huge/mmap_loader.vit
./editor/core/buffer/index/index_hooks.vit
./editor/core/buffer/memory/arena.vit
./editor/core/buffer/memory/fragmentation_monitor.vit
./editor/core/buffer/memory/pool.vit
./editor/core/buffer/memory/slab.vit
./editor/core/buffer/multi/buffer_pool.vit
./editor/core/buffer/multi/buffer_registry.vit
./editor/core/buffer/piece_table/history.vit
./editor/core/buffer/piece_table/piece.vit
./editor/core/buffer/piece_table/snapshot.vit
./editor/core/buffer/piece_table/table.vit
./editor/core/buffer/range.vit
./editor/core/buffer/rope/rope_balance.vit
./editor/core/buffer/rope/rope_builder.vit
./editor/core/buffer/rope/rope_merge.vit
./editor/core/buffer/rope/rope_node.vit
./editor/core/buffer/rope/rope_split.vit
./editor/core/buffer/tests/buffer_test_1.vit
./editor/core/buffer/tests/buffer_test_10.vit
./editor/core/buffer/tests/buffer_test_11.vit
./editor/core/buffer/tests/buffer_test_12.vit
./editor/core/buffer/tests/buffer_test_13.vit
./editor/core/buffer/tests/buffer_test_14.vit
./editor/core/buffer/tests/buffer_test_15.vit
./editor/core/buffer/tests/buffer_test_16.vit
./editor/core/buffer/tests/buffer_test_17.vit
./editor/core/buffer/tests/buffer_test_18.vit
./editor/core/buffer/tests/buffer_test_19.vit
./editor/core/buffer/tests/buffer_test_2.vit
./editor/core/buffer/tests/buffer_test_20.vit
./editor/core/buffer/tests/buffer_test_21.vit
./editor/core/buffer/tests/buffer_test_22.vit
./editor/core/buffer/tests/buffer_test_23.vit
./editor/core/buffer/tests/buffer_test_24.vit
./editor/core/buffer/tests/buffer_test_25.vit
./editor/core/buffer/tests/buffer_test_26.vit
./editor/core/buffer/tests/buffer_test_27.vit
./editor/core/buffer/tests/buffer_test_28.vit
./editor/core/buffer/tests/buffer_test_29.vit
./editor/core/buffer/tests/buffer_test_3.vit
./editor/core/buffer/tests/buffer_test_30.vit
./editor/core/buffer/tests/buffer_test_31.vit
./editor/core/buffer/tests/buffer_test_32.vit
./editor/core/buffer/tests/buffer_test_33.vit
./editor/core/buffer/tests/buffer_test_34.vit
./editor/core/buffer/tests/buffer_test_35.vit
./editor/core/buffer/tests/buffer_test_36.vit
./editor/core/buffer/tests/buffer_test_37.vit
./editor/core/buffer/tests/buffer_test_38.vit
./editor/core/buffer/tests/buffer_test_39.vit
./editor/core/buffer/tests/buffer_test_4.vit
./editor/core/buffer/tests/buffer_test_40.vit
./editor/core/buffer/tests/buffer_test_41.vit
./editor/core/buffer/tests/buffer_test_42.vit
./editor/core/buffer/tests/buffer_test_43.vit
./editor/core/buffer/tests/buffer_test_44.vit
./editor/core/buffer/tests/buffer_test_45.vit
./editor/core/buffer/tests/buffer_test_46.vit
./editor/core/buffer/tests/buffer_test_47.vit
./editor/core/buffer/tests/buffer_test_48.vit
./editor/core/buffer/tests/buffer_test_49.vit
./editor/core/buffer/tests/buffer_test_5.vit
./editor/core/buffer/tests/buffer_test_50.vit
./editor/core/buffer/tests/buffer_test_6.vit
./editor/core/buffer/tests/buffer_test_7.vit
./editor/core/buffer/tests/buffer_test_8.vit
./editor/core/buffer/tests/buffer_test_9.vit
./editor/core/buffer/transaction/journal.vit
./editor/core/buffer/transaction/transaction.vit
./editor/core/cursor/bench/move_bench.vit
./editor/core/cursor/bench/multi_cursor_bench.vit
./editor/core/cursor/concurrency/atomic_position.vit
./editor/core/cursor/concurrency/state_lock.vit
./editor/core/cursor/cursor.vit
./editor/core/cursor/history/jump_stack.vit
./editor/core/cursor/history/marks.vit
./editor/core/cursor/multi/cursor_registry.vit
./editor/core/cursor/multi/multi_cursor.vit
./editor/core/cursor/navigation/ast_navigation.vit
./editor/core/cursor/navigation/grapheme_navigation.vit
./editor/core/cursor/navigation/line_navigation.vit
./editor/core/cursor/navigation/page_navigation.vit
./editor/core/cursor/navigation/word_navigation.vit
./editor/core/cursor/position.vit
./editor/core/cursor/range.vit
./editor/core/cursor/selection/block.vit
./editor/core/cursor/selection/linear.vit
./editor/core/cursor/selection/rectangular.vit
./editor/core/cursor/tests/cursor_test_1.vit
./editor/core/cursor/tests/cursor_test_10.vit
./editor/core/cursor/tests/cursor_test_11.vit
./editor/core/cursor/tests/cursor_test_12.vit
./editor/core/cursor/tests/cursor_test_13.vit
./editor/core/cursor/tests/cursor_test_14.vit
./editor/core/cursor/tests/cursor_test_15.vit
./editor/core/cursor/tests/cursor_test_16.vit
./editor/core/cursor/tests/cursor_test_17.vit
./editor/core/cursor/tests/cursor_test_18.vit
./editor/core/cursor/tests/cursor_test_19.vit
./editor/core/cursor/tests/cursor_test_2.vit
./editor/core/cursor/tests/cursor_test_20.vit
./editor/core/cursor/tests/cursor_test_21.vit
./editor/core/cursor/tests/cursor_test_22.vit
./editor/core/cursor/tests/cursor_test_23.vit
./editor/core/cursor/tests/cursor_test_24.vit
./editor/core/cursor/tests/cursor_test_25.vit
./editor/core/cursor/tests/cursor_test_26.vit
./editor/core/cursor/tests/cursor_test_27.vit
./editor/core/cursor/tests/cursor_test_28.vit
./editor/core/cursor/tests/cursor_test_29.vit
./editor/core/cursor/tests/cursor_test_3.vit
./editor/core/cursor/tests/cursor_test_30.vit
./editor/core/cursor/tests/cursor_test_31.vit
./editor/core/cursor/tests/cursor_test_32.vit
./editor/core/cursor/tests/cursor_test_33.vit
./editor/core/cursor/tests/cursor_test_34.vit
./editor/core/cursor/tests/cursor_test_35.vit
./editor/core/cursor/tests/cursor_test_36.vit
./editor/core/cursor/tests/cursor_test_37.vit
./editor/core/cursor/tests/cursor_test_38.vit
./editor/core/cursor/tests/cursor_test_39.vit
./editor/core/cursor/tests/cursor_test_4.vit
./editor/core/cursor/tests/cursor_test_40.vit
./editor/core/cursor/tests/cursor_test_41.vit
./editor/core/cursor/tests/cursor_test_42.vit
./editor/core/cursor/tests/cursor_test_43.vit
./editor/core/cursor/tests/cursor_test_44.vit
./editor/core/cursor/tests/cursor_test_45.vit
./editor/core/cursor/tests/cursor_test_46.vit
./editor/core/cursor/tests/cursor_test_47.vit
./editor/core/cursor/tests/cursor_test_48.vit
./editor/core/cursor/tests/cursor_test_49.vit
./editor/core/cursor/tests/cursor_test_5.vit
./editor/core/cursor/tests/cursor_test_50.vit
./editor/core/cursor/tests/cursor_test_6.vit
./editor/core/cursor/tests/cursor_test_7.vit
./editor/core/cursor/tests/cursor_test_8.vit
./editor/core/cursor/tests/cursor_test_9.vit
./editor/core/cursor/viewport/sync.vit
./editor/core/cursor/wrap/soft_wrap.vit
./editor/core/cursor/wrap/virtual_column.vit
./editor/core/gap/bench/delete_bench.vit
./editor/core/gap/bench/insert_bench.vit
./editor/core/gap/bench/move_gap_bench.vit
./editor/core/gap/concurrency/atomic_gap.vit
./editor/core/gap/concurrency/local_lock.vit
./editor/core/gap/dirty/mark_dirty.vit
./editor/core/gap/gap_buffer.vit
./editor/core/gap/predict/predictive_growth.vit
./editor/core/gap/resize/expand.vit
./editor/core/gap/resize/shrink.vit
./editor/core/gap/simd/memmove_simd.vit
./editor/core/gap/simd/vector_copy.vit
./editor/core/gap/tests/gap_test_1.vit
./editor/core/gap/tests/gap_test_10.vit
./editor/core/gap/tests/gap_test_11.vit
./editor/core/gap/tests/gap_test_12.vit
./editor/core/gap/tests/gap_test_13.vit
./editor/core/gap/tests/gap_test_14.vit
./editor/core/gap/tests/gap_test_15.vit
./editor/core/gap/tests/gap_test_16.vit
./editor/core/gap/tests/gap_test_17.vit
./editor/core/gap/tests/gap_test_18.vit
./editor/core/gap/tests/gap_test_19.vit
./editor/core/gap/tests/gap_test_2.vit
./editor/core/gap/tests/gap_test_20.vit
./editor/core/gap/tests/gap_test_21.vit
./editor/core/gap/tests/gap_test_22.vit
./editor/core/gap/tests/gap_test_23.vit
./editor/core/gap/tests/gap_test_24.vit
./editor/core/gap/tests/gap_test_25.vit
./editor/core/gap/tests/gap_test_26.vit
./editor/core/gap/tests/gap_test_27.vit
./editor/core/gap/tests/gap_test_28.vit
./editor/core/gap/tests/gap_test_29.vit
./editor/core/gap/tests/gap_test_3.vit
./editor/core/gap/tests/gap_test_30.vit
./editor/core/gap/tests/gap_test_31.vit
./editor/core/gap/tests/gap_test_32.vit
./editor/core/gap/tests/gap_test_33.vit
./editor/core/gap/tests/gap_test_34.vit
./editor/core/gap/tests/gap_test_35.vit
./editor/core/gap/tests/gap_test_36.vit
./editor/core/gap/tests/gap_test_37.vit
./editor/core/gap/tests/gap_test_38.vit
./editor/core/gap/tests/gap_test_39.vit
./editor/core/gap/tests/gap_test_4.vit
./editor/core/gap/tests/gap_test_40.vit
./editor/core/gap/tests/gap_test_5.vit
./editor/core/gap/tests/gap_test_6.vit
./editor/core/gap/tests/gap_test_7.vit
./editor/core/gap/tests/gap_test_8.vit
./editor/core/gap/tests/gap_test_9.vit
./editor/core/gap/transaction/hooks.vit
./editor/core/gap/unicode/grapheme_safe_insert.vit
./editor/core/gap/unicode/utf8_validation.vit
./editor/core/history/batch.vit
./editor/core/history/bench/dag_branch_bench.vit
./editor/core/history/bench/redo_bench.vit
./editor/core/history/bench/snapshot_bench.vit
./editor/core/history/bench/undo_bench.vit
./editor/core/history/concurrency/atomic_version.vit
./editor/core/history/concurrency/read_lock.vit
./editor/core/history/concurrency/write_lock.vit
./editor/core/history/dag/history_dag.vit
./editor/core/history/dag/merge.vit
./editor/core/history/dag/prune.vit
./editor/core/history/history.vit
./editor/core/history/journal/checkpoint.vit
./editor/core/history/journal/journal.vit
./editor/core/history/memory/compaction.vit
./editor/core/history/memory/delta_pool.vit
./editor/core/history/memory/history_gc.vit
./editor/core/history/multi/buffer_history.vit
./editor/core/history/operation.vit
./editor/core/history/persistence/load.vit
./editor/core/history/persistence/save.vit
./editor/core/history/snapshot/compression.vit
./editor/core/history/snapshot/diff_engine.vit
./editor/core/history/snapshot/snapshot.vit
./editor/core/history/tests/history_test_1.vit
./editor/core/history/tests/history_test_10.vit
./editor/core/history/tests/history_test_11.vit
./editor/core/history/tests/history_test_12.vit
./editor/core/history/tests/history_test_13.vit
./editor/core/history/tests/history_test_14.vit
./editor/core/history/tests/history_test_15.vit
./editor/core/history/tests/history_test_16.vit
./editor/core/history/tests/history_test_17.vit
./editor/core/history/tests/history_test_18.vit
./editor/core/history/tests/history_test_19.vit
./editor/core/history/tests/history_test_2.vit
./editor/core/history/tests/history_test_20.vit
./editor/core/history/tests/history_test_21.vit
./editor/core/history/tests/history_test_22.vit
./editor/core/history/tests/history_test_23.vit
./editor/core/history/tests/history_test_24.vit
./editor/core/history/tests/history_test_25.vit
./editor/core/history/tests/history_test_26.vit
./editor/core/history/tests/history_test_27.vit
./editor/core/history/tests/history_test_28.vit
./editor/core/history/tests/history_test_29.vit
./editor/core/history/tests/history_test_3.vit
./editor/core/history/tests/history_test_30.vit
./editor/core/history/tests/history_test_31.vit
./editor/core/history/tests/history_test_32.vit
./editor/core/history/tests/history_test_33.vit
./editor/core/history/tests/history_test_34.vit
./editor/core/history/tests/history_test_35.vit
./editor/core/history/tests/history_test_36.vit
./editor/core/history/tests/history_test_37.vit
./editor/core/history/tests/history_test_38.vit
./editor/core/history/tests/history_test_39.vit
./editor/core/history/tests/history_test_4.vit
./editor/core/history/tests/history_test_40.vit
./editor/core/history/tests/history_test_41.vit
./editor/core/history/tests/history_test_42.vit
./editor/core/history/tests/history_test_43.vit
./editor/core/history/tests/history_test_44.vit
./editor/core/history/tests/history_test_45.vit
./editor/core/history/tests/history_test_46.vit
./editor/core/history/tests/history_test_47.vit
./editor/core/history/tests/history_test_48.vit
./editor/core/history/tests/history_test_49.vit
./editor/core/history/tests/history_test_5.vit
./editor/core/history/tests/history_test_50.vit
./editor/core/history/tests/history_test_51.vit
./editor/core/history/tests/history_test_52.vit
./editor/core/history/tests/history_test_53.vit
./editor/core/history/tests/history_test_54.vit
./editor/core/history/tests/history_test_55.vit
./editor/core/history/tests/history_test_56.vit
./editor/core/history/tests/history_test_57.vit
./editor/core/history/tests/history_test_58.vit
./editor/core/history/tests/history_test_59.vit
./editor/core/history/tests/history_test_6.vit
./editor/core/history/tests/history_test_60.vit
./editor/core/history/tests/history_test_7.vit
./editor/core/history/tests/history_test_8.vit
./editor/core/history/tests/history_test_9.vit
./editor/core/history/time_travel/navigation.vit
./editor/core/piece_table/bench/concurrent_commit_bench.vit
./editor/core/piece_table/bench/delta_compression_bench.vit
./editor/core/piece_table/bench/merge_branch_bench.vit
./editor/core/piece_table/bench/redo_latency_bench.vit
./editor/core/piece_table/bench/undo_latency_bench.vit
./editor/core/piece_table/bench/wal_recovery_bench.vit
./editor/core/piece_table/compaction/background_compactor.vit
./editor/core/piece_table/compaction/gc_scheduler.vit
./editor/core/piece_table/concurrency/atomic_commit.vit
./editor/core/piece_table/concurrency/rcu_reader.vit
./editor/core/piece_table/concurrency/version_vector.vit
./editor/core/piece_table/dag/immutable_graph.vit
./editor/core/piece_table/dag/merge_engine.vit
./editor/core/piece_table/dag/node.vit
./editor/core/piece_table/dag/revision_index.vit
./editor/core/piece_table/delta/binary_delta.vit
./editor/core/piece_table/delta/chunk_dedup.vit
./editor/core/piece_table/delta/structural_sharing.vit
./editor/core/piece_table/distributed/cross_buffer_merge.vit
./editor/core/piece_table/distributed/graph_registry.vit
./editor/core/piece_table/profiling/metrics_export.vit
./editor/core/piece_table/profiling/nanosecond_profiler.vit
./editor/core/piece_table/replay/deterministic_replay.vit
./editor/core/piece_table/replay/timeline_engine.vit
./editor/core/piece_table/storage/mmap_store.vit
./editor/core/piece_table/storage/persistent_index.vit
./editor/core/piece_table/tests/ultra_history_test_1.vit
./editor/core/piece_table/tests/ultra_history_test_10.vit
./editor/core/piece_table/tests/ultra_history_test_100.vit
./editor/core/piece_table/tests/ultra_history_test_11.vit
./editor/core/piece_table/tests/ultra_history_test_12.vit
./editor/core/piece_table/tests/ultra_history_test_13.vit
./editor/core/piece_table/tests/ultra_history_test_14.vit
./editor/core/piece_table/tests/ultra_history_test_15.vit
./editor/core/piece_table/tests/ultra_history_test_16.vit
./editor/core/piece_table/tests/ultra_history_test_17.vit
./editor/core/piece_table/tests/ultra_history_test_18.vit
./editor/core/piece_table/tests/ultra_history_test_19.vit
./editor/core/piece_table/tests/ultra_history_test_2.vit
./editor/core/piece_table/tests/ultra_history_test_20.vit
./editor/core/piece_table/tests/ultra_history_test_21.vit
./editor/core/piece_table/tests/ultra_history_test_22.vit
./editor/core/piece_table/tests/ultra_history_test_23.vit
./editor/core/piece_table/tests/ultra_history_test_24.vit
./editor/core/piece_table/tests/ultra_history_test_25.vit
./editor/core/piece_table/tests/ultra_history_test_26.vit
./editor/core/piece_table/tests/ultra_history_test_27.vit
./editor/core/piece_table/tests/ultra_history_test_28.vit
./editor/core/piece_table/tests/ultra_history_test_29.vit
./editor/core/piece_table/tests/ultra_history_test_3.vit
./editor/core/piece_table/tests/ultra_history_test_30.vit
./editor/core/piece_table/tests/ultra_history_test_31.vit
./editor/core/piece_table/tests/ultra_history_test_32.vit
./editor/core/piece_table/tests/ultra_history_test_33.vit
./editor/core/piece_table/tests/ultra_history_test_34.vit
./editor/core/piece_table/tests/ultra_history_test_35.vit
./editor/core/piece_table/tests/ultra_history_test_36.vit
./editor/core/piece_table/tests/ultra_history_test_37.vit
./editor/core/piece_table/tests/ultra_history_test_38.vit
./editor/core/piece_table/tests/ultra_history_test_39.vit
./editor/core/piece_table/tests/ultra_history_test_4.vit
./editor/core/piece_table/tests/ultra_history_test_40.vit
./editor/core/piece_table/tests/ultra_history_test_41.vit
./editor/core/piece_table/tests/ultra_history_test_42.vit
./editor/core/piece_table/tests/ultra_history_test_43.vit
./editor/core/piece_table/tests/ultra_history_test_44.vit
./editor/core/piece_table/tests/ultra_history_test_45.vit
./editor/core/piece_table/tests/ultra_history_test_46.vit
./editor/core/piece_table/tests/ultra_history_test_47.vit
./editor/core/piece_table/tests/ultra_history_test_48.vit
./editor/core/piece_table/tests/ultra_history_test_49.vit
./editor/core/piece_table/tests/ultra_history_test_5.vit
./editor/core/piece_table/tests/ultra_history_test_50.vit
./editor/core/piece_table/tests/ultra_history_test_51.vit
./editor/core/piece_table/tests/ultra_history_test_52.vit
./editor/core/piece_table/tests/ultra_history_test_53.vit
./editor/core/piece_table/tests/ultra_history_test_54.vit
./editor/core/piece_table/tests/ultra_history_test_55.vit
./editor/core/piece_table/tests/ultra_history_test_56.vit
./editor/core/piece_table/tests/ultra_history_test_57.vit
./editor/core/piece_table/tests/ultra_history_test_58.vit
./editor/core/piece_table/tests/ultra_history_test_59.vit
./editor/core/piece_table/tests/ultra_history_test_6.vit
./editor/core/piece_table/tests/ultra_history_test_60.vit
./editor/core/piece_table/tests/ultra_history_test_61.vit
./editor/core/piece_table/tests/ultra_history_test_62.vit
./editor/core/piece_table/tests/ultra_history_test_63.vit
./editor/core/piece_table/tests/ultra_history_test_64.vit
./editor/core/piece_table/tests/ultra_history_test_65.vit
./editor/core/piece_table/tests/ultra_history_test_66.vit
./editor/core/piece_table/tests/ultra_history_test_67.vit
./editor/core/piece_table/tests/ultra_history_test_68.vit
./editor/core/piece_table/tests/ultra_history_test_69.vit
./editor/core/piece_table/tests/ultra_history_test_7.vit
./editor/core/piece_table/tests/ultra_history_test_70.vit
./editor/core/piece_table/tests/ultra_history_test_71.vit
./editor/core/piece_table/tests/ultra_history_test_72.vit
./editor/core/piece_table/tests/ultra_history_test_73.vit
./editor/core/piece_table/tests/ultra_history_test_74.vit
./editor/core/piece_table/tests/ultra_history_test_75.vit
./editor/core/piece_table/tests/ultra_history_test_76.vit
./editor/core/piece_table/tests/ultra_history_test_77.vit
./editor/core/piece_table/tests/ultra_history_test_78.vit
./editor/core/piece_table/tests/ultra_history_test_79.vit
./editor/core/piece_table/tests/ultra_history_test_8.vit
./editor/core/piece_table/tests/ultra_history_test_80.vit
./editor/core/piece_table/tests/ultra_history_test_81.vit
./editor/core/piece_table/tests/ultra_history_test_82.vit
./editor/core/piece_table/tests/ultra_history_test_83.vit
./editor/core/piece_table/tests/ultra_history_test_84.vit
./editor/core/piece_table/tests/ultra_history_test_85.vit
./editor/core/piece_table/tests/ultra_history_test_86.vit
./editor/core/piece_table/tests/ultra_history_test_87.vit
./editor/core/piece_table/tests/ultra_history_test_88.vit
./editor/core/piece_table/tests/ultra_history_test_89.vit
./editor/core/piece_table/tests/ultra_history_test_9.vit
./editor/core/piece_table/tests/ultra_history_test_90.vit
./editor/core/piece_table/tests/ultra_history_test_91.vit
./editor/core/piece_table/tests/ultra_history_test_92.vit
./editor/core/piece_table/tests/ultra_history_test_93.vit
./editor/core/piece_table/tests/ultra_history_test_94.vit
./editor/core/piece_table/tests/ultra_history_test_95.vit
./editor/core/piece_table/tests/ultra_history_test_96.vit
./editor/core/piece_table/tests/ultra_history_test_97.vit
./editor/core/piece_table/tests/ultra_history_test_98.vit
./editor/core/piece_table/tests/ultra_history_test_99.vit
./editor/core/piece_table/wal/checkpoint_manager.vit
./editor/core/piece_table/wal/wal_recovery.vit
./editor/core/piece_table/wal/wal_writer.vit
./editor/core/rope/avl/rebalance.vit
./editor/core/rope/avl/rotate_left.vit
./editor/core/rope/avl/rotate_right.vit
./editor/core/rope/bench/concat_bench.vit
./editor/core/rope/bench/delete_bench.vit
./editor/core/rope/bench/insert_bench.vit
./editor/core/rope/bench/rebalance_bench.vit
./editor/core/rope/bench/simd_search_bench.vit
./editor/core/rope/bench/split_bench.vit
./editor/core/rope/concurrency/atomic_commit.vit
./editor/core/rope/concurrency/lock_free_read.vit
./editor/core/rope/index/find_by_index.vit
./editor/core/rope/index/line_index.vit
./editor/core/rope/index/weight_update.vit
./editor/core/rope/memory/arena_allocator.vit
./editor/core/rope/memory/fragmentation_monitor.vit
./editor/core/rope/memory/node_pool.vit
./editor/core/rope/node.vit
./editor/core/rope/ops/concat.vit
./editor/core/rope/ops/delete.vit
./editor/core/rope/ops/insert.vit
./editor/core/rope/ops/split.vit
./editor/core/rope/persistent/clone_node.vit
./editor/core/rope/persistent/structural_share.vit
./editor/core/rope/profiling/metrics_export.vit
./editor/core/rope/profiling/nanosecond_profiler.vit
./editor/core/rope/rb/color.vit
./editor/core/rope/rb/delete_fixup.vit
./editor/core/rope/rb/insert_fixup.vit
./editor/core/rope/scheduler/rebalance_scheduler.vit
./editor/core/rope/simd/search_simd.vit
./editor/core/rope/simd/vector_scan.vit
./editor/core/rope/tests/rope_test_1.vit
./editor/core/rope/tests/rope_test_10.vit
./editor/core/rope/tests/rope_test_100.vit
./editor/core/rope/tests/rope_test_101.vit
./editor/core/rope/tests/rope_test_102.vit
./editor/core/rope/tests/rope_test_103.vit
./editor/core/rope/tests/rope_test_104.vit
./editor/core/rope/tests/rope_test_105.vit
./editor/core/rope/tests/rope_test_106.vit
./editor/core/rope/tests/rope_test_107.vit
./editor/core/rope/tests/rope_test_108.vit
./editor/core/rope/tests/rope_test_109.vit
./editor/core/rope/tests/rope_test_11.vit
./editor/core/rope/tests/rope_test_110.vit
./editor/core/rope/tests/rope_test_111.vit
./editor/core/rope/tests/rope_test_112.vit
./editor/core/rope/tests/rope_test_113.vit
./editor/core/rope/tests/rope_test_114.vit
./editor/core/rope/tests/rope_test_115.vit
./editor/core/rope/tests/rope_test_116.vit
./editor/core/rope/tests/rope_test_117.vit
./editor/core/rope/tests/rope_test_118.vit
./editor/core/rope/tests/rope_test_119.vit
./editor/core/rope/tests/rope_test_12.vit
./editor/core/rope/tests/rope_test_120.vit
./editor/core/rope/tests/rope_test_13.vit
./editor/core/rope/tests/rope_test_14.vit
./editor/core/rope/tests/rope_test_15.vit
./editor/core/rope/tests/rope_test_16.vit
./editor/core/rope/tests/rope_test_17.vit
./editor/core/rope/tests/rope_test_18.vit
./editor/core/rope/tests/rope_test_19.vit
./editor/core/rope/tests/rope_test_2.vit
./editor/core/rope/tests/rope_test_20.vit
./editor/core/rope/tests/rope_test_21.vit
./editor/core/rope/tests/rope_test_22.vit
./editor/core/rope/tests/rope_test_23.vit
./editor/core/rope/tests/rope_test_24.vit
./editor/core/rope/tests/rope_test_25.vit
./editor/core/rope/tests/rope_test_26.vit
./editor/core/rope/tests/rope_test_27.vit
./editor/core/rope/tests/rope_test_28.vit
./editor/core/rope/tests/rope_test_29.vit
./editor/core/rope/tests/rope_test_3.vit
./editor/core/rope/tests/rope_test_30.vit
./editor/core/rope/tests/rope_test_31.vit
./editor/core/rope/tests/rope_test_32.vit
./editor/core/rope/tests/rope_test_33.vit
./editor/core/rope/tests/rope_test_34.vit
./editor/core/rope/tests/rope_test_35.vit
./editor/core/rope/tests/rope_test_36.vit
./editor/core/rope/tests/rope_test_37.vit
./editor/core/rope/tests/rope_test_38.vit
./editor/core/rope/tests/rope_test_39.vit
./editor/core/rope/tests/rope_test_4.vit
./editor/core/rope/tests/rope_test_40.vit
./editor/core/rope/tests/rope_test_41.vit
./editor/core/rope/tests/rope_test_42.vit
./editor/core/rope/tests/rope_test_43.vit
./editor/core/rope/tests/rope_test_44.vit
./editor/core/rope/tests/rope_test_45.vit
./editor/core/rope/tests/rope_test_46.vit
./editor/core/rope/tests/rope_test_47.vit
./editor/core/rope/tests/rope_test_48.vit
./editor/core/rope/tests/rope_test_49.vit
./editor/core/rope/tests/rope_test_5.vit
./editor/core/rope/tests/rope_test_50.vit
./editor/core/rope/tests/rope_test_51.vit
./editor/core/rope/tests/rope_test_52.vit
./editor/core/rope/tests/rope_test_53.vit
./editor/core/rope/tests/rope_test_54.vit
./editor/core/rope/tests/rope_test_55.vit
./editor/core/rope/tests/rope_test_56.vit
./editor/core/rope/tests/rope_test_57.vit
./editor/core/rope/tests/rope_test_58.vit
./editor/core/rope/tests/rope_test_59.vit
./editor/core/rope/tests/rope_test_6.vit
./editor/core/rope/tests/rope_test_60.vit
./editor/core/rope/tests/rope_test_61.vit
./editor/core/rope/tests/rope_test_62.vit
./editor/core/rope/tests/rope_test_63.vit
./editor/core/rope/tests/rope_test_64.vit
./editor/core/rope/tests/rope_test_65.vit
./editor/core/rope/tests/rope_test_66.vit
./editor/core/rope/tests/rope_test_67.vit
./editor/core/rope/tests/rope_test_68.vit
./editor/core/rope/tests/rope_test_69.vit
./editor/core/rope/tests/rope_test_7.vit
./editor/core/rope/tests/rope_test_70.vit
./editor/core/rope/tests/rope_test_71.vit
./editor/core/rope/tests/rope_test_72.vit
./editor/core/rope/tests/rope_test_73.vit
./editor/core/rope/tests/rope_test_74.vit
./editor/core/rope/tests/rope_test_75.vit
./editor/core/rope/tests/rope_test_76.vit
./editor/core/rope/tests/rope_test_77.vit
./editor/core/rope/tests/rope_test_78.vit
./editor/core/rope/tests/rope_test_79.vit
./editor/core/rope/tests/rope_test_8.vit
./editor/core/rope/tests/rope_test_80.vit
./editor/core/rope/tests/rope_test_81.vit
./editor/core/rope/tests/rope_test_82.vit
./editor/core/rope/tests/rope_test_83.vit
./editor/core/rope/tests/rope_test_84.vit
./editor/core/rope/tests/rope_test_85.vit
./editor/core/rope/tests/rope_test_86.vit
./editor/core/rope/tests/rope_test_87.vit
./editor/core/rope/tests/rope_test_88.vit
./editor/core/rope/tests/rope_test_89.vit
./editor/core/rope/tests/rope_test_9.vit
./editor/core/rope/tests/rope_test_90.vit
./editor/core/rope/tests/rope_test_91.vit
./editor/core/rope/tests/rope_test_92.vit
./editor/core/rope/tests/rope_test_93.vit
./editor/core/rope/tests/rope_test_94.vit
./editor/core/rope/tests/rope_test_95.vit
./editor/core/rope/tests/rope_test_96.vit
./editor/core/rope/tests/rope_test_97.vit
./editor/core/rope/tests/rope_test_98.vit
./editor/core/rope/tests/rope_test_99.vit
./editor/core/rope/unicode/grapheme_iter.vit
./editor/core/rope/unicode/utf8_boundary.vit
./editor/core/snapshot/bench/cow_overhead_bench.vit
./editor/core/snapshot/bench/delta_compression_bench.vit
./editor/core/snapshot/bench/mmap_restore_bench.vit
./editor/core/snapshot/bench/snapshot_create_bench.vit
./editor/core/snapshot/bench/snapshot_restore_bench.vit
./editor/core/snapshot/compaction/compactor.vit
./editor/core/snapshot/compaction/gc.vit
./editor/core/snapshot/concurrency/atomic_publish.vit
./editor/core/snapshot/concurrency/rcu_read.vit
./editor/core/snapshot/cow/cow_node.vit
./editor/core/snapshot/cow/share_tracker.vit
./editor/core/snapshot/delta/binary_patch.vit
./editor/core/snapshot/delta/chunk_store.vit
./editor/core/snapshot/delta/diff_engine.vit
./editor/core/snapshot/index/revision_tree.vit
./editor/core/snapshot/index/timestamp_index.vit
./editor/core/snapshot/profiling/snapshot_profiler.vit
./editor/core/snapshot/replay/revision_replay.vit
./editor/core/snapshot/snapshot.vit
./editor/core/snapshot/storage/mmap_store.vit
./editor/core/snapshot/storage/persistent_index.vit
./editor/core/snapshot/tests/snapshot_test_1.vit
./editor/core/snapshot/tests/snapshot_test_10.vit
./editor/core/snapshot/tests/snapshot_test_100.vit
./editor/core/snapshot/tests/snapshot_test_11.vit
./editor/core/snapshot/tests/snapshot_test_12.vit
./editor/core/snapshot/tests/snapshot_test_13.vit
./editor/core/snapshot/tests/snapshot_test_14.vit
./editor/core/snapshot/tests/snapshot_test_15.vit
./editor/core/snapshot/tests/snapshot_test_16.vit
./editor/core/snapshot/tests/snapshot_test_17.vit
./editor/core/snapshot/tests/snapshot_test_18.vit
./editor/core/snapshot/tests/snapshot_test_19.vit
./editor/core/snapshot/tests/snapshot_test_2.vit
./editor/core/snapshot/tests/snapshot_test_20.vit
./editor/core/snapshot/tests/snapshot_test_21.vit
./editor/core/snapshot/tests/snapshot_test_22.vit
./editor/core/snapshot/tests/snapshot_test_23.vit
./editor/core/snapshot/tests/snapshot_test_24.vit
./editor/core/snapshot/tests/snapshot_test_25.vit
./editor/core/snapshot/tests/snapshot_test_26.vit
./editor/core/snapshot/tests/snapshot_test_27.vit
./editor/core/snapshot/tests/snapshot_test_28.vit
./editor/core/snapshot/tests/snapshot_test_29.vit
./editor/core/snapshot/tests/snapshot_test_3.vit
./editor/core/snapshot/tests/snapshot_test_30.vit
./editor/core/snapshot/tests/snapshot_test_31.vit
./editor/core/snapshot/tests/snapshot_test_32.vit
./editor/core/snapshot/tests/snapshot_test_33.vit
./editor/core/snapshot/tests/snapshot_test_34.vit
./editor/core/snapshot/tests/snapshot_test_35.vit
./editor/core/snapshot/tests/snapshot_test_36.vit
./editor/core/snapshot/tests/snapshot_test_37.vit
./editor/core/snapshot/tests/snapshot_test_38.vit
./editor/core/snapshot/tests/snapshot_test_39.vit
./editor/core/snapshot/tests/snapshot_test_4.vit
./editor/core/snapshot/tests/snapshot_test_40.vit
./editor/core/snapshot/tests/snapshot_test_41.vit
./editor/core/snapshot/tests/snapshot_test_42.vit
./editor/core/snapshot/tests/snapshot_test_43.vit
./editor/core/snapshot/tests/snapshot_test_44.vit
./editor/core/snapshot/tests/snapshot_test_45.vit
./editor/core/snapshot/tests/snapshot_test_46.vit
./editor/core/snapshot/tests/snapshot_test_47.vit
./editor/core/snapshot/tests/snapshot_test_48.vit
./editor/core/snapshot/tests/snapshot_test_49.vit
./editor/core/snapshot/tests/snapshot_test_5.vit
./editor/core/snapshot/tests/snapshot_test_50.vit
./editor/core/snapshot/tests/snapshot_test_51.vit
./editor/core/snapshot/tests/snapshot_test_52.vit
./editor/core/snapshot/tests/snapshot_test_53.vit
./editor/core/snapshot/tests/snapshot_test_54.vit
./editor/core/snapshot/tests/snapshot_test_55.vit
./editor/core/snapshot/tests/snapshot_test_56.vit
./editor/core/snapshot/tests/snapshot_test_57.vit
./editor/core/snapshot/tests/snapshot_test_58.vit
./editor/core/snapshot/tests/snapshot_test_59.vit
./editor/core/snapshot/tests/snapshot_test_6.vit
./editor/core/snapshot/tests/snapshot_test_60.vit
./editor/core/snapshot/tests/snapshot_test_61.vit
./editor/core/snapshot/tests/snapshot_test_62.vit
./editor/core/snapshot/tests/snapshot_test_63.vit
./editor/core/snapshot/tests/snapshot_test_64.vit
./editor/core/snapshot/tests/snapshot_test_65.vit
./editor/core/snapshot/tests/snapshot_test_66.vit
./editor/core/snapshot/tests/snapshot_test_67.vit
./editor/core/snapshot/tests/snapshot_test_68.vit
./editor/core/snapshot/tests/snapshot_test_69.vit
./editor/core/snapshot/tests/snapshot_test_7.vit
./editor/core/snapshot/tests/snapshot_test_70.vit
