./benchmarks/file_open/main.vit
./benchmarks/file_open/metrics/timer.vit
./benchmarks/highlight/main.vit
./benchmarks/highlight/metrics/timer.vit
./benchmarks/muti_thread/main.vit
./benchmarks/muti_thread/metrics/timer.vit
./benchmarks/muti_thread/runtime/thread_pool.vit
./benchmarks/scroll/main.vit
./benchmarks/scroll/metrics/timer.vit
./benchmarks/search/main.vit
./benchmarks/search/metrics/timer.vit
./benchmarks/startup/main.vit
./benchmarks/startup/metrics/timer.vit
./benchmarks/stress/main.vit
./benchmarks/stress/metrics/timer.vit
./ci/benchmarks/ci_main.vit
./editor/config/colors/bench/contrast_bench.vit
./editor/config/colors/bench/render_bench.vit
./editor/config/colors/engine/rgb.vit
./editor/config/colors/engine/semantic_tokens.vit
./editor/config/colors/engine/theme_loader.vit
./editor/config/colors/engine/wcag_validator.vit
./editor/config/colors/importers/vscode_converter.vit
./editor/config/colors/plugin/api.vit
./editor/config/colors/runtime/snapshot.vit
./editor/config/colors/runtime/system_detect.vit
./editor/config/colors/runtime/theme_switcher.vit
./editor/config/colors/tests/import_tests.vit
./editor/config/colors/tests/runtime_tests.vit
./editor/config/colors/tests/wcag_tests.vit
./editor/config/keybindings/advanced/chords.vit
./editor/config/keybindings/advanced/macros.vit
./editor/config/keybindings/engine/conflict_detector.vit
./editor/config/keybindings/engine/context.vit
./editor/config/keybindings/engine/keymap.vit
./editor/config/keybindings/plugin/api.vit
./editor/config/keybindings/runtime/switch_profile.vit
./editor/config/keybindings/tests/chord_tests.vit
./editor/config/keybindings/tests/conflict_tests.vit
./editor/config/keybindings/tests/mode_tests.vit
./editor/config/settings/cli/override.vit
./editor/config/settings/cloud/sync.vit
./editor/config/settings/engine/layered_store.vit
./editor/config/settings/engine/live_reload.vit
./editor/config/settings/engine/resolver.vit
./editor/config/settings/engine/schema.vit
./editor/config/settings/export/json_export.vit
./editor/config/settings/export/yaml_export.vit
./editor/config/settings/import/json_import.vit
./editor/config/settings/migration/versioning.vit
./editor/config/settings/security/vault.vit
./editor/config/settings/telemetry/telemetry.vit
./editor/config/settings/tests/cloud_sync_tests.vit
./editor/config/settings/tests/migration_tests.vit
./editor/config/settings/tests/rollback_tests.vit
./editor/core/buffer/buffer.vit
./editor/core/cursor/history/jump_stack.vit
./editor/core/cursor/range.vit
./editor/core/gap/gap_buffer.vit
./editor/core/piece_table/dag/node.vit
./editor/core/piece_table/wal/wal_writer.vit
./editor/core/rope/node.vit
