./editor/config/colors/bench/contrast_bench.vit
./editor/config/colors/bench/render_bench.vit
./editor/config/colors/engine/rgb.vit
./editor/config/colors/engine/semantic_tokens.vit
./editor/config/colors/engine/theme_loader.vit
./editor/config/colors/engine/wcag_validator.vit
./editor/config/colors/importers/vscode_converter.vit
./editor/config/colors/runtime/snapshot.vit
./editor/config/colors/runtime/system_detect.vit
./editor/config/colors/runtime/theme_switcher.vit
./editor/config/colors/tests/import_tests.vit
./editor/config/colors/tests/runtime_tests.vit
./editor/config/colors/tests/wcag_tests.vit
./editor/config/keybindings/advanced/chords.vit
./editor/config/keybindings/advanced/macros.vit
./editor/config/keybindings/engine/conflict_detector.vit
./editor/config/keybindings/engine/context.vit
./editor/config/keybindings/engine/keymap.vit
./editor/config/keybindings/plugin/api.vit
./editor/config/keybindings/runtime/switch_profile.vit
./editor/config/keybindings/tests/chord_tests.vit
./editor/config/keybindings/tests/conflict_tests.vit
./editor/config/keybindings/tests/mode_tests.vit
./editor/config/settings/cli/override.vit
./editor/config/settings/cloud/sync.vit
./editor/config/settings/engine/layered_store.vit
./editor/config/settings/engine/live_reload.vit
./editor/config/settings/engine/resolver.vit
./editor/config/settings/engine/schema.vit
./editor/config/settings/export/json_export.vit
./editor/config/settings/export/yaml_export.vit
./editor/config/settings/import/json_import.vit
./editor/core/cursor/history/jump_stack.vit
./editor/core/gap/gap_buffer.vit
./editor/core/piece_table/dag/node.vit
./editor/core/piece_table/wal/wal_writer.vit
./editor/core/rope/node.vit
./editor/core/snapshot/snapshot.vit
./editor/core/transaction/transaction.vit
./editor/fs/mmap/mmap.vit
./editor/runtime/arena/arena.vit
./editor/runtime/loop/loop.vit
./editor/runtime/loop/task/task.vit
./editor/runtime/slab/slab.vit
./editor/runtime/thread_pool/thread_pool.vit
./editor/search/regex_engine/regex.vit
./editor/search/simd/simd.vit
./editor/term/arena/arena.vit
./editor/term/renderer/renderer.vit
./editor/term/screen/screen.vit
./editor/term/slab/slab.vit
./editor/term/thread_pool/thread_pool.vit
./editor/terminal/emulator/emulator.vit
./editor/ui/mimap/minimap.vit
